<?xml version="1.0" encoding="UTF-8"?>
<Site BuildName="(empty)"
	BuildStamp="20240514-1309-Experimental"
	Name="(empty)"
	Generator="ctest-3.28.0-rc1"
	CompilerName=""
	CompilerVersion=""
	OSName="Windows"
	Hostname="Vivobook16"
	OSRelease=" Professional"
	OSVersion=" (Build 22631)"
	OSPlatform="AMD64"
	Is64Bits="1"
	VendorString="AuthenticAMD"
	VendorID="Advanced Micro Devices"
	FamilyID="15"
	ModelID="0"
	ProcessorCacheSize="64"
	NumberOfLogicalCPU="12"
	NumberOfPhysicalCPU="6"
	TotalVirtualMemory="15775"
	TotalPhysicalMemory="15775"
	LogicalProcessorsPerPhysical="2"
	ProcessorClockFrequency="3293"
	>
	<Testing>
		<StartDateTime>May 14 16:09 RTZ 2 ([NON-UTF-8-BYTE-0xE7][NON-UTF-8-BYTE-0xE8][NON-UTF-8-BYTE-0xEC][NON-UTF-8-BYTE-0xE0])</StartDateTime>
		<StartTestTime>1715692173</StartTestTime>
		<TestList/>
		<EndDateTime>May 14 16:09 RTZ 2 ([NON-UTF-8-BYTE-0xE7][NON-UTF-8-BYTE-0xE8][NON-UTF-8-BYTE-0xEC][NON-UTF-8-BYTE-0xE0])</EndDateTime>
		<EndTestTime>1715692173</EndTestTime>
		<ElapsedMinutes>0</ElapsedMinutes>
	</Testing>
</Site>
